<?xml version="1.0" encoding="UTF-8"?>
<coverage generated="1741955277595" clover="3.2.0">
  <project timestamp="1741955277596" name="All files">
    <metrics statements="21" coveredstatements="15" conditionals="8" coveredconditionals="5" methods="11" coveredmethods="5" elements="40" coveredelements="25" complexity="0" loc="21" ncloc="21" packages="1" files="2" classes="2"/>
    <file name="customMatchers.js" path="C:\Users\Modern Computer\OneDrive\Desktop\Testing\customMatchers.js">
      <metrics statements="15" coveredstatements="9" conditionals="8" coveredconditionals="5" methods="9" coveredmethods="3"/>
      <line num="1" count="1" type="stmt"/>
      <line num="3" count="1" type="stmt"/>
      <line num="4" count="1" type="stmt"/>
      <line num="5" count="1" type="cond" truecount="1" falsecount="1"/>
      <line num="6" count="0" type="stmt"/>
      <line num="7" count="0" type="stmt"/>
      <line num="11" count="1" type="cond" truecount="2" falsecount="0"/>
      <line num="12" count="1" type="cond" truecount="1" falsecount="1"/>
      <line num="13" count="0" type="stmt"/>
      <line num="14" count="0" type="stmt"/>
      <line num="18" count="1" type="stmt"/>
      <line num="19" count="1" type="stmt"/>
      <line num="20" count="1" type="cond" truecount="1" falsecount="1"/>
      <line num="21" count="0" type="stmt"/>
      <line num="22" count="0" type="stmt"/>
    </file>
    <file name="employee.js" path="C:\Users\Modern Computer\OneDrive\Desktop\Testing\employee.js">
      <metrics statements="6" coveredstatements="6" conditionals="0" coveredconditionals="0" methods="2" coveredmethods="2"/>
      <line num="3" count="4" type="stmt"/>
      <line num="4" count="4" type="stmt"/>
      <line num="5" count="4" type="stmt"/>
      <line num="9" count="2" type="stmt"/>
      <line num="10" count="2" type="stmt"/>
      <line num="14" count="2" type="stmt"/>
    </file>
  </project>
</coverage>
