{"C:\\Users\\Modern Computer\\OneDrive\\Desktop\\Testing\\customMatchers.js": {"path":"C:\\Users\\Modern Computer\\OneDrive\\Desktop\\Testing\\customMatchers.js","statementMap":{"0":{"start":{"line":1,"column":0},"end":{"line":24,"column":5}},"1":{"start":{"line":3,"column":18},"end":{"line":3,"column":35}},"2":{"start":{"line":4,"column":19},"end":{"line":4,"column":35}},"3":{"start":{"line":5,"column":6},"end":{"line":7,"column":99}},"4":{"start":{"line":6,"column":39},"end":{"line":6,"column":95}},"5":{"start":{"line":7,"column":40},"end":{"line":7,"column":96}},"6":{"start":{"line":11,"column":19},"end":{"line":11,"column":53}},"7":{"start":{"line":12,"column":6},"end":{"line":14,"column":118}},"8":{"start":{"line":13,"column":39},"end":{"line":13,"column":93}},"9":{"start":{"line":14,"column":40},"end":{"line":14,"column":115}},"10":{"start":{"line":18,"column":18},"end":{"line":18,"column":38}},"11":{"start":{"line":19,"column":19},"end":{"line":19,"column":35}},"12":{"start":{"line":20,"column":6},"end":{"line":22,"column":99}},"13":{"start":{"line":21,"column":39},"end":{"line":21,"column":102}},"14":{"start":{"line":22,"column":40},"end":{"line":22,"column":96}}},"fnMap":{"0":{"name":"(anonymous_0)","decl":{"start":{"line":2,"column":4},"end":{"line":2,"column":5}},"loc":{"start":{"line":2,"column":38},"end":{"line":8,"column":5}},"line":2},"1":{"name":"(anonymous_1)","decl":{"start":{"line":6,"column":33},"end":{"line":6,"column":34}},"loc":{"start":{"line":6,"column":39},"end":{"line":6,"column":95}},"line":6},"2":{"name":"(anonymous_2)","decl":{"start":{"line":7,"column":34},"end":{"line":7,"column":35}},"loc":{"start":{"line":7,"column":40},"end":{"line":7,"column":96}},"line":7},"3":{"name":"(anonymous_3)","decl":{"start":{"line":10,"column":4},"end":{"line":10,"column":5}},"loc":{"start":{"line":10,"column":36},"end":{"line":15,"column":5}},"line":10},"4":{"name":"(anonymous_4)","decl":{"start":{"line":13,"column":33},"end":{"line":13,"column":34}},"loc":{"start":{"line":13,"column":39},"end":{"line":13,"column":93}},"line":13},"5":{"name":"(anonymous_5)","decl":{"start":{"line":14,"column":34},"end":{"line":14,"column":35}},"loc":{"start":{"line":14,"column":40},"end":{"line":14,"column":115}},"line":14},"6":{"name":"(anonymous_6)","decl":{"start":{"line":17,"column":4},"end":{"line":17,"column":5}},"loc":{"start":{"line":17,"column":38},"end":{"line":23,"column":5}},"line":17},"7":{"name":"(anonymous_7)","decl":{"start":{"line":21,"column":33},"end":{"line":21,"column":34}},"loc":{"start":{"line":21,"column":39},"end":{"line":21,"column":102}},"line":21},"8":{"name":"(anonymous_8)","decl":{"start":{"line":22,"column":34},"end":{"line":22,"column":35}},"loc":{"start":{"line":22,"column":40},"end":{"line":22,"column":96}},"line":22}},"branchMap":{"0":{"loc":{"start":{"line":5,"column":13},"end":{"line":7,"column":98}},"type":"cond-expr","locations":[{"start":{"line":6,"column":10},"end":{"line":6,"column":97}},{"start":{"line":7,"column":10},"end":{"line":7,"column":98}}],"line":5},"1":{"loc":{"start":{"line":11,"column":19},"end":{"line":11,"column":53}},"type":"binary-expr","locations":[{"start":{"line":11,"column":19},"end":{"line":11,"column":34}},{"start":{"line":11,"column":38},"end":{"line":11,"column":53}}],"line":11},"2":{"loc":{"start":{"line":12,"column":13},"end":{"line":14,"column":117}},"type":"cond-expr","locations":[{"start":{"line":13,"column":10},"end":{"line":13,"column":95}},{"start":{"line":14,"column":10},"end":{"line":14,"column":117}}],"line":12},"3":{"loc":{"start":{"line":20,"column":13},"end":{"line":22,"column":98}},"type":"cond-expr","locations":[{"start":{"line":21,"column":10},"end":{"line":21,"column":104}},{"start":{"line":22,"column":10},"end":{"line":22,"column":98}}],"line":20}},"s":{"0":1,"1":1,"2":1,"3":1,"4":0,"5":0,"6":1,"7":1,"8":0,"9":0,"10":1,"11":1,"12":1,"13":0,"14":0},"f":{"0":1,"1":0,"2":0,"3":1,"4":0,"5":0,"6":1,"7":0,"8":0},"b":{"0":[1,0],"1":[1,1],"2":[1,0],"3":[1,0]},"_coverageSchema":"1a1c01bbd47fc00a2c39e90264f33305004495a9","hash":"2d2d162878c329711d37ce1413a350fe3af497e3"}
,"C:\\Users\\Modern Computer\\OneDrive\\Desktop\\Testing\\employee.js": {"path":"C:\\Users\\Modern Computer\\OneDrive\\Desktop\\Testing\\employee.js","statementMap":{"0":{"start":{"line":3,"column":6},"end":{"line":3,"column":23}},"1":{"start":{"line":4,"column":6},"end":{"line":4,"column":21}},"2":{"start":{"line":5,"column":6},"end":{"line":5,"column":49}},"3":{"start":{"line":9,"column":21},"end":{"line":9,"column":60}},"4":{"start":{"line":10,"column":6},"end":{"line":10,"column":36}},"5":{"start":{"line":14,"column":2},"end":{"line":14,"column":28}}},"fnMap":{"0":{"name":"(anonymous_0)","decl":{"start":{"line":2,"column":4},"end":{"line":2,"column":5}},"loc":{"start":{"line":2,"column":46},"end":{"line":6,"column":5}},"line":2},"1":{"name":"(anonymous_1)","decl":{"start":{"line":8,"column":4},"end":{"line":8,"column":5}},"loc":{"start":{"line":8,"column":20},"end":{"line":11,"column":5}},"line":8}},"branchMap":{},"s":{"0":4,"1":4,"2":4,"3":2,"4":2,"5":2},"f":{"0":4,"1":2},"b":{},"_coverageSchema":"1a1c01bbd47fc00a2c39e90264f33305004495a9","hash":"e7879957fdccf789446c6b4f2aabbe1e7c414739"}
}
