TN:
SF:customMatchers.js
FN:2,(anonymous_0)
FN:6,(anonymous_1)
FN:7,(anonymous_2)
FN:10,(anonymous_3)
FN:13,(anonymous_4)
FN:14,(anonymous_5)
FN:17,(anonymous_6)
FN:21,(anonymous_7)
FN:22,(anonymous_8)
FNF:9
FNH:3
FNDA:1,(anonymous_0)
FNDA:0,(anonymous_1)
FNDA:0,(anonymous_2)
FNDA:1,(anonymous_3)
FNDA:0,(anonymous_4)
FNDA:0,(anonymous_5)
FNDA:1,(anonymous_6)
FNDA:0,(anonymous_7)
FNDA:0,(anonymous_8)
DA:1,1
DA:3,1
DA:4,1
DA:5,1
DA:6,0
DA:7,0
DA:11,1
DA:12,1
DA:13,0
DA:14,0
DA:18,1
DA:19,1
DA:20,1
DA:21,0
DA:22,0
LF:15
LH:9
BRDA:5,0,0,1
BRDA:5,0,1,0
BRDA:11,1,0,1
BRDA:11,1,1,1
BRDA:12,2,0,1
BRDA:12,2,1,0
BRDA:20,3,0,1
BRDA:20,3,1,0
BRF:8
BRH:5
end_of_record
TN:
SF:employee.js
FN:2,(anonymous_0)
FN:8,(anonymous_1)
FNF:2
FNH:2
FNDA:4,(anonymous_0)
FNDA:2,(anonymous_1)
DA:3,4
DA:4,4
DA:5,4
DA:9,2
DA:10,2
DA:14,2
LF:6
LH:6
BRF:0
BRH:0
end_of_record
